<?xml version="1.0" encoding="UTF-8"?>
<!-- Generated by org.testng.reporters.JUnitXMLReporter -->
<testsuite ignored="0" hostname="DESKTOP-R2QIAIR" failures="0" tests="3" name="Surefire test" time="25.475" errors="0" timestamp="2023-04-06T18:39:13 EET">
  <testcase classname="com.tv.jawwy.subscribe.testcases.UaePackagesTest" name="CheckPackage1Info" time="7.887"/>
  <testcase classname="com.tv.jawwy.subscribe.testcases.UaePackagesTest" name="CheckPackage2Info" time="5.714"/>
  <testcase classname="com.tv.jawwy.subscribe.testcases.UaePackagesTest" name="CheckPackage3Info" time="5.651"/>
</testsuite> <!-- Surefire test -->
