<?xml version="1.0" encoding="UTF-8"?>
<testng-results ignored="0" total="3" passed="3" failed="0" skipped="0">
  <reporter-output>
  </reporter-output>
  <suite started-at="2023-04-06T18:38:48 EET" name="Surefire suite" finished-at="2023-04-06T18:39:13 EET" duration-ms="25475">
    <groups>
    </groups>
    <test started-at="2023-04-06T18:38:48 EET" name="Surefire test" finished-at="2023-04-06T18:39:13 EET" duration-ms="25475">
      <class name="com.tv.jawwy.subscribe.testcases.UaePackagesTest">
        <test-method is-config="true" signature="Setup()[pri:0, instance:com.tv.jawwy.subscribe.testcases.UaePackagesTest@1f0f1111]" started-at="2023-04-06T18:38:48 EET" name="Setup" finished-at="2023-04-06T18:38:51 EET" duration-ms="2855" status="PASS">
          <reporter-output>
          </reporter-output>
        </test-method> <!-- Setup -->
        <test-method signature="CheckPackage1Info()[pri:0, instance:com.tv.jawwy.subscribe.testcases.UaePackagesTest@1f0f1111]" started-at="2023-04-06T18:38:51 EET" name="CheckPackage1Info" finished-at="2023-04-06T18:38:58 EET" duration-ms="7887" status="PASS">
          <reporter-output>
          </reporter-output>
        </test-method> <!-- CheckPackage1Info -->
        <test-method is-config="true" signature="quite()[pri:0, instance:com.tv.jawwy.subscribe.testcases.UaePackagesTest@1f0f1111]" started-at="2023-04-06T18:38:58 EET" name="quite" finished-at="2023-04-06T18:38:59 EET" duration-ms="448" status="PASS">
          <reporter-output>
          </reporter-output>
        </test-method> <!-- quite -->
        <test-method is-config="true" signature="Setup()[pri:0, instance:com.tv.jawwy.subscribe.testcases.UaePackagesTest@1f0f1111]" started-at="2023-04-06T18:38:59 EET" name="Setup" finished-at="2023-04-06T18:39:00 EET" duration-ms="1124" status="PASS">
          <reporter-output>
          </reporter-output>
        </test-method> <!-- Setup -->
        <test-method signature="CheckPackage2Info()[pri:0, instance:com.tv.jawwy.subscribe.testcases.UaePackagesTest@1f0f1111]" started-at="2023-04-06T18:39:00 EET" name="CheckPackage2Info" finished-at="2023-04-06T18:39:06 EET" duration-ms="5714" status="PASS">
          <reporter-output>
          </reporter-output>
        </test-method> <!-- CheckPackage2Info -->
        <test-method is-config="true" signature="quite()[pri:0, instance:com.tv.jawwy.subscribe.testcases.UaePackagesTest@1f0f1111]" started-at="2023-04-06T18:39:06 EET" name="quite" finished-at="2023-04-06T18:39:06 EET" duration-ms="421" status="PASS">
          <reporter-output>
          </reporter-output>
        </test-method> <!-- quite -->
        <test-method is-config="true" signature="Setup()[pri:0, instance:com.tv.jawwy.subscribe.testcases.UaePackagesTest@1f0f1111]" started-at="2023-04-06T18:39:06 EET" name="Setup" finished-at="2023-04-06T18:39:07 EET" duration-ms="936" status="PASS">
          <reporter-output>
          </reporter-output>
        </test-method> <!-- Setup -->
        <test-method signature="CheckPackage3Info()[pri:0, instance:com.tv.jawwy.subscribe.testcases.UaePackagesTest@1f0f1111]" started-at="2023-04-06T18:39:07 EET" name="CheckPackage3Info" finished-at="2023-04-06T18:39:13 EET" duration-ms="5651" status="PASS">
          <reporter-output>
          </reporter-output>
        </test-method> <!-- CheckPackage3Info -->
        <test-method is-config="true" signature="quite()[pri:0, instance:com.tv.jawwy.subscribe.testcases.UaePackagesTest@1f0f1111]" started-at="2023-04-06T18:39:13 EET" name="quite" finished-at="2023-04-06T18:39:13 EET" duration-ms="374" status="PASS">
          <reporter-output>
          </reporter-output>
        </test-method> <!-- quite -->
      </class> <!-- com.tv.jawwy.subscribe.testcases.UaePackagesTest -->
    </test> <!-- Surefire test -->
  </suite> <!-- Surefire suite -->
</testng-results>
